0 info it worked if it ends with ok
1 verbose cli [ 'C:\\Program Files\\nodejs\\\\node.exe',
1 verbose cli   'C:\\Program Files\\nodejs\\node_modules\\npm\\bin\\npm-cli.js',
1 verbose cli   'install' ]
2 info using npm@1.4.23
3 info using node@v0.10.31
4 verbose node symlink C:\Program Files\nodejs\\node.exe
5 warn package.json hearsay-budapestsitesdev-takehome@1.0.0 No repository field.
6 warn package.json hearsay-budapestsitesdev-takehome@1.0.0 No README data
7 verbose readDependencies using package.json deps
8 verbose install where, deps [ 'C:\\Users\\szentivanyi.andras\\Desktop\\hearsay-frontend-test',
8 verbose install   [ '@babel/polyfill',
8 verbose install     '@babel/cli',
8 verbose install     '@babel/core',
8 verbose install     '@babel/preset-env',
8 verbose install     'babel-loader',
8 verbose install     'webpack',
8 verbose install     'webpack-cli',
8 verbose install     'webpack-command',
8 verbose install     'webpack-dev-server',
8 verbose install     'webpack-livereload-plugin' ] ]
9 info preinstall hearsay-budapestsitesdev-takehome@1.0.0
10 verbose readDependencies using package.json deps
11 verbose cache add [ '@babel/polyfill@^7.0.0', null ]
12 verbose cache add name=undefined spec="@babel/polyfill@^7.0.0" args=["@babel/polyfill@^7.0.0",null]
13 verbose parsed url { protocol: null,
13 verbose parsed url   slashes: null,
13 verbose parsed url   auth: null,
13 verbose parsed url   host: null,
13 verbose parsed url   port: null,
13 verbose parsed url   hostname: null,
13 verbose parsed url   hash: null,
13 verbose parsed url   search: null,
13 verbose parsed url   query: null,
13 verbose parsed url   pathname: '@babel/polyfill@^7.0.0',
13 verbose parsed url   path: '@babel/polyfill@^7.0.0',
13 verbose parsed url   href: '@babel/polyfill@^7.0.0' }
14 verbose cache add [ '@babel/cli@^7.0.0', null ]
15 verbose cache add name=undefined spec="@babel/cli@^7.0.0" args=["@babel/cli@^7.0.0",null]
16 verbose parsed url { protocol: null,
16 verbose parsed url   slashes: null,
16 verbose parsed url   auth: null,
16 verbose parsed url   host: null,
16 verbose parsed url   port: null,
16 verbose parsed url   hostname: null,
16 verbose parsed url   hash: null,
16 verbose parsed url   search: null,
16 verbose parsed url   query: null,
16 verbose parsed url   pathname: '@babel/cli@^7.0.0',
16 verbose parsed url   path: '@babel/cli@^7.0.0',
16 verbose parsed url   href: '@babel/cli@^7.0.0' }
17 verbose cache add [ '@babel/core@^7.0.0', null ]
18 verbose cache add name=undefined spec="@babel/core@^7.0.0" args=["@babel/core@^7.0.0",null]
19 verbose parsed url { protocol: null,
19 verbose parsed url   slashes: null,
19 verbose parsed url   auth: null,
19 verbose parsed url   host: null,
19 verbose parsed url   port: null,
19 verbose parsed url   hostname: null,
19 verbose parsed url   hash: null,
19 verbose parsed url   search: null,
19 verbose parsed url   query: null,
19 verbose parsed url   pathname: '@babel/core@^7.0.0',
19 verbose parsed url   path: '@babel/core@^7.0.0',
19 verbose parsed url   href: '@babel/core@^7.0.0' }
20 verbose cache add [ '@babel/preset-env@^7.0.0', null ]
21 verbose cache add name=undefined spec="@babel/preset-env@^7.0.0" args=["@babel/preset-env@^7.0.0",null]
22 verbose parsed url { protocol: null,
22 verbose parsed url   slashes: null,
22 verbose parsed url   auth: null,
22 verbose parsed url   host: null,
22 verbose parsed url   port: null,
22 verbose parsed url   hostname: null,
22 verbose parsed url   hash: null,
22 verbose parsed url   search: null,
22 verbose parsed url   query: null,
22 verbose parsed url   pathname: '@babel/preset-env@^7.0.0',
22 verbose parsed url   path: '@babel/preset-env@^7.0.0',
22 verbose parsed url   href: '@babel/preset-env@^7.0.0' }
23 verbose cache add [ 'babel-loader@^8.0.2', null ]
24 verbose cache add name=undefined spec="babel-loader@^8.0.2" args=["babel-loader@^8.0.2",null]
25 verbose parsed url { protocol: null,
25 verbose parsed url   slashes: null,
25 verbose parsed url   auth: null,
25 verbose parsed url   host: null,
25 verbose parsed url   port: null,
25 verbose parsed url   hostname: null,
25 verbose parsed url   hash: null,
25 verbose parsed url   search: null,
25 verbose parsed url   query: null,
25 verbose parsed url   pathname: 'babel-loader@^8.0.2',
25 verbose parsed url   path: 'babel-loader@^8.0.2',
25 verbose parsed url   href: 'babel-loader@^8.0.2' }
26 verbose cache add [ 'webpack@^4.17.2', null ]
27 verbose cache add name=undefined spec="webpack@^4.17.2" args=["webpack@^4.17.2",null]
28 verbose parsed url { protocol: null,
28 verbose parsed url   slashes: null,
28 verbose parsed url   auth: null,
28 verbose parsed url   host: null,
28 verbose parsed url   port: null,
28 verbose parsed url   hostname: null,
28 verbose parsed url   hash: null,
28 verbose parsed url   search: null,
28 verbose parsed url   query: null,
28 verbose parsed url   pathname: 'webpack@^4.17.2',
28 verbose parsed url   path: 'webpack@^4.17.2',
28 verbose parsed url   href: 'webpack@^4.17.2' }
29 verbose cache add [ 'webpack-cli@^3.3.11', null ]
30 verbose cache add name=undefined spec="webpack-cli@^3.3.11" args=["webpack-cli@^3.3.11",null]
31 verbose parsed url { protocol: null,
31 verbose parsed url   slashes: null,
31 verbose parsed url   auth: null,
31 verbose parsed url   host: null,
31 verbose parsed url   port: null,
31 verbose parsed url   hostname: null,
31 verbose parsed url   hash: null,
31 verbose parsed url   search: null,
31 verbose parsed url   query: null,
31 verbose parsed url   pathname: 'webpack-cli@^3.3.11',
31 verbose parsed url   path: 'webpack-cli@^3.3.11',
31 verbose parsed url   href: 'webpack-cli@^3.3.11' }
32 verbose cache add [ 'webpack-command@^0.4.1', null ]
33 verbose cache add name=undefined spec="webpack-command@^0.4.1" args=["webpack-command@^0.4.1",null]
34 verbose parsed url { protocol: null,
34 verbose parsed url   slashes: null,
34 verbose parsed url   auth: null,
34 verbose parsed url   host: null,
34 verbose parsed url   port: null,
34 verbose parsed url   hostname: null,
34 verbose parsed url   hash: null,
34 verbose parsed url   search: null,
34 verbose parsed url   query: null,
34 verbose parsed url   pathname: 'webpack-command@^0.4.1',
34 verbose parsed url   path: 'webpack-command@^0.4.1',
34 verbose parsed url   href: 'webpack-command@^0.4.1' }
35 verbose cache add [ 'webpack-dev-server@^3.10.3', null ]
36 verbose cache add name=undefined spec="webpack-dev-server@^3.10.3" args=["webpack-dev-server@^3.10.3",null]
37 verbose parsed url { protocol: null,
37 verbose parsed url   slashes: null,
37 verbose parsed url   auth: null,
37 verbose parsed url   host: null,
37 verbose parsed url   port: null,
37 verbose parsed url   hostname: null,
37 verbose parsed url   hash: null,
37 verbose parsed url   search: null,
37 verbose parsed url   query: null,
37 verbose parsed url   pathname: 'webpack-dev-server@^3.10.3',
37 verbose parsed url   path: 'webpack-dev-server@^3.10.3',
37 verbose parsed url   href: 'webpack-dev-server@^3.10.3' }
38 verbose cache add [ 'webpack-livereload-plugin@^2.3.0', null ]
39 verbose cache add name=undefined spec="webpack-livereload-plugin@^2.3.0" args=["webpack-livereload-plugin@^2.3.0",null]
40 verbose parsed url { protocol: null,
40 verbose parsed url   slashes: null,
40 verbose parsed url   auth: null,
40 verbose parsed url   host: null,
40 verbose parsed url   port: null,
40 verbose parsed url   hostname: null,
40 verbose parsed url   hash: null,
40 verbose parsed url   search: null,
40 verbose parsed url   query: null,
40 verbose parsed url   pathname: 'webpack-livereload-plugin@^2.3.0',
40 verbose parsed url   path: 'webpack-livereload-plugin@^2.3.0',
40 verbose parsed url   href: 'webpack-livereload-plugin@^2.3.0' }
41 verbose cache add name="" spec="babel/polyfill@^7.0.0" args=["","babel/polyfill@^7.0.0"]
42 verbose parsed url { protocol: null,
42 verbose parsed url   slashes: null,
42 verbose parsed url   auth: null,
42 verbose parsed url   host: null,
42 verbose parsed url   port: null,
42 verbose parsed url   hostname: null,
42 verbose parsed url   hash: null,
42 verbose parsed url   search: null,
42 verbose parsed url   query: null,
42 verbose parsed url   pathname: 'babel/polyfill@^7.0.0',
42 verbose parsed url   path: 'babel/polyfill@^7.0.0',
42 verbose parsed url   href: 'babel/polyfill@^7.0.0' }
43 verbose cache add name="" spec="babel/cli@^7.0.0" args=["","babel/cli@^7.0.0"]
44 verbose parsed url { protocol: null,
44 verbose parsed url   slashes: null,
44 verbose parsed url   auth: null,
44 verbose parsed url   host: null,
44 verbose parsed url   port: null,
44 verbose parsed url   hostname: null,
44 verbose parsed url   hash: null,
44 verbose parsed url   search: null,
44 verbose parsed url   query: null,
44 verbose parsed url   pathname: 'babel/cli@^7.0.0',
44 verbose parsed url   path: 'babel/cli@^7.0.0',
44 verbose parsed url   href: 'babel/cli@^7.0.0' }
45 verbose cache add name="" spec="babel/core@^7.0.0" args=["","babel/core@^7.0.0"]
46 verbose parsed url { protocol: null,
46 verbose parsed url   slashes: null,
46 verbose parsed url   auth: null,
46 verbose parsed url   host: null,
46 verbose parsed url   port: null,
46 verbose parsed url   hostname: null,
46 verbose parsed url   hash: null,
46 verbose parsed url   search: null,
46 verbose parsed url   query: null,
46 verbose parsed url   pathname: 'babel/core@^7.0.0',
46 verbose parsed url   path: 'babel/core@^7.0.0',
46 verbose parsed url   href: 'babel/core@^7.0.0' }
47 verbose cache add name="" spec="babel/preset-env@^7.0.0" args=["","babel/preset-env@^7.0.0"]
48 verbose parsed url { protocol: null,
48 verbose parsed url   slashes: null,
48 verbose parsed url   auth: null,
48 verbose parsed url   host: null,
48 verbose parsed url   port: null,
48 verbose parsed url   hostname: null,
48 verbose parsed url   hash: null,
48 verbose parsed url   search: null,
48 verbose parsed url   query: null,
48 verbose parsed url   pathname: 'babel/preset-env@^7.0.0',
48 verbose parsed url   path: 'babel/preset-env@^7.0.0',
48 verbose parsed url   href: 'babel/preset-env@^7.0.0' }
49 verbose cache add name="babel-loader" spec="^8.0.2" args=["babel-loader","^8.0.2"]
50 verbose parsed url { protocol: null,
50 verbose parsed url   slashes: null,
50 verbose parsed url   auth: null,
50 verbose parsed url   host: null,
50 verbose parsed url   port: null,
50 verbose parsed url   hostname: null,
50 verbose parsed url   hash: null,
50 verbose parsed url   search: null,
50 verbose parsed url   query: null,
50 verbose parsed url   pathname: '^8.0.2',
50 verbose parsed url   path: '^8.0.2',
50 verbose parsed url   href: '^8.0.2' }
51 verbose addNamed [ 'babel-loader', '^8.0.2' ]
52 verbose addNamed [ null, '>=8.0.2-0 <9.0.0-0' ]
53 verbose cache add name="webpack" spec="^4.17.2" args=["webpack","^4.17.2"]
54 verbose parsed url { protocol: null,
54 verbose parsed url   slashes: null,
54 verbose parsed url   auth: null,
54 verbose parsed url   host: null,
54 verbose parsed url   port: null,
54 verbose parsed url   hostname: null,
54 verbose parsed url   hash: null,
54 verbose parsed url   search: null,
54 verbose parsed url   query: null,
54 verbose parsed url   pathname: '^4.17.2',
54 verbose parsed url   path: '^4.17.2',
54 verbose parsed url   href: '^4.17.2' }
55 verbose addNamed [ 'webpack', '^4.17.2' ]
56 verbose addNamed [ null, '>=4.17.2-0 <5.0.0-0' ]
57 verbose cache add name="webpack-cli" spec="^3.3.11" args=["webpack-cli","^3.3.11"]
58 verbose parsed url { protocol: null,
58 verbose parsed url   slashes: null,
58 verbose parsed url   auth: null,
58 verbose parsed url   host: null,
58 verbose parsed url   port: null,
58 verbose parsed url   hostname: null,
58 verbose parsed url   hash: null,
58 verbose parsed url   search: null,
58 verbose parsed url   query: null,
58 verbose parsed url   pathname: '^3.3.11',
58 verbose parsed url   path: '^3.3.11',
58 verbose parsed url   href: '^3.3.11' }
59 verbose addNamed [ 'webpack-cli', '^3.3.11' ]
60 verbose addNamed [ null, '>=3.3.11-0 <4.0.0-0' ]
61 verbose cache add name="webpack-command" spec="^0.4.1" args=["webpack-command","^0.4.1"]
62 verbose parsed url { protocol: null,
62 verbose parsed url   slashes: null,
62 verbose parsed url   auth: null,
62 verbose parsed url   host: null,
62 verbose parsed url   port: null,
62 verbose parsed url   hostname: null,
62 verbose parsed url   hash: null,
62 verbose parsed url   search: null,
62 verbose parsed url   query: null,
62 verbose parsed url   pathname: '^0.4.1',
62 verbose parsed url   path: '^0.4.1',
62 verbose parsed url   href: '^0.4.1' }
63 verbose addNamed [ 'webpack-command', '^0.4.1' ]
64 verbose addNamed [ null, '>=0.4.1-0 <0.5.0-0' ]
65 verbose cache add name="webpack-dev-server" spec="^3.10.3" args=["webpack-dev-server","^3.10.3"]
66 verbose parsed url { protocol: null,
66 verbose parsed url   slashes: null,
66 verbose parsed url   auth: null,
66 verbose parsed url   host: null,
66 verbose parsed url   port: null,
66 verbose parsed url   hostname: null,
66 verbose parsed url   hash: null,
66 verbose parsed url   search: null,
66 verbose parsed url   query: null,
66 verbose parsed url   pathname: '^3.10.3',
66 verbose parsed url   path: '^3.10.3',
66 verbose parsed url   href: '^3.10.3' }
67 verbose addNamed [ 'webpack-dev-server', '^3.10.3' ]
68 verbose addNamed [ null, '>=3.10.3-0 <4.0.0-0' ]
69 verbose cache add name="webpack-livereload-plugin" spec="^2.3.0" args=["webpack-livereload-plugin","^2.3.0"]
70 verbose parsed url { protocol: null,
70 verbose parsed url   slashes: null,
70 verbose parsed url   auth: null,
70 verbose parsed url   host: null,
70 verbose parsed url   port: null,
70 verbose parsed url   hostname: null,
70 verbose parsed url   hash: null,
70 verbose parsed url   search: null,
70 verbose parsed url   query: null,
70 verbose parsed url   pathname: '^2.3.0',
70 verbose parsed url   path: '^2.3.0',
70 verbose parsed url   href: '^2.3.0' }
71 verbose addNamed [ 'webpack-livereload-plugin', '^2.3.0' ]
72 verbose addNamed [ null, '>=2.3.0-0 <3.0.0-0' ]
73 verbose cache add name="babel/polyfill" spec="^7.0.0" args=["babel/polyfill","^7.0.0"]
74 verbose parsed url { protocol: null,
74 verbose parsed url   slashes: null,
74 verbose parsed url   auth: null,
74 verbose parsed url   host: null,
74 verbose parsed url   port: null,
74 verbose parsed url   hostname: null,
74 verbose parsed url   hash: null,
74 verbose parsed url   search: null,
74 verbose parsed url   query: null,
74 verbose parsed url   pathname: '^7.0.0',
74 verbose parsed url   path: '^7.0.0',
74 verbose parsed url   href: '^7.0.0' }
75 verbose addNamed [ 'babel/polyfill', '^7.0.0' ]
76 verbose addNamed [ null, '>=7.0.0-0 <8.0.0-0' ]
77 verbose cache add name="babel/cli" spec="^7.0.0" args=["babel/cli","^7.0.0"]
78 verbose parsed url { protocol: null,
78 verbose parsed url   slashes: null,
78 verbose parsed url   auth: null,
78 verbose parsed url   host: null,
78 verbose parsed url   port: null,
78 verbose parsed url   hostname: null,
78 verbose parsed url   hash: null,
78 verbose parsed url   search: null,
78 verbose parsed url   query: null,
78 verbose parsed url   pathname: '^7.0.0',
78 verbose parsed url   path: '^7.0.0',
78 verbose parsed url   href: '^7.0.0' }
79 verbose addNamed [ 'babel/cli', '^7.0.0' ]
80 verbose addNamed [ null, '>=7.0.0-0 <8.0.0-0' ]
81 verbose cache add name="babel/core" spec="^7.0.0" args=["babel/core","^7.0.0"]
82 verbose parsed url { protocol: null,
82 verbose parsed url   slashes: null,
82 verbose parsed url   auth: null,
82 verbose parsed url   host: null,
82 verbose parsed url   port: null,
82 verbose parsed url   hostname: null,
82 verbose parsed url   hash: null,
82 verbose parsed url   search: null,
82 verbose parsed url   query: null,
82 verbose parsed url   pathname: '^7.0.0',
82 verbose parsed url   path: '^7.0.0',
82 verbose parsed url   href: '^7.0.0' }
83 verbose addNamed [ 'babel/core', '^7.0.0' ]
84 verbose addNamed [ null, '>=7.0.0-0 <8.0.0-0' ]
85 verbose cache add name="babel/preset-env" spec="^7.0.0" args=["babel/preset-env","^7.0.0"]
86 verbose parsed url { protocol: null,
86 verbose parsed url   slashes: null,
86 verbose parsed url   auth: null,
86 verbose parsed url   host: null,
86 verbose parsed url   port: null,
86 verbose parsed url   hostname: null,
86 verbose parsed url   hash: null,
86 verbose parsed url   search: null,
86 verbose parsed url   query: null,
86 verbose parsed url   pathname: '^7.0.0',
86 verbose parsed url   path: '^7.0.0',
86 verbose parsed url   href: '^7.0.0' }
87 verbose addNamed [ 'babel/preset-env', '^7.0.0' ]
88 verbose addNamed [ null, '>=7.0.0-0 <8.0.0-0' ]
89 silly lockFile f46fa233-babel-loader-8-0-2 babel-loader@^8.0.2
90 verbose lock babel-loader@^8.0.2 C:\Users\szentivanyi.andras\AppData\Roaming\npm-cache\f46fa233-babel-loader-8-0-2.lock
91 silly lockFile e06df2ce-webpack-4-17-2 webpack@^4.17.2
92 verbose lock webpack@^4.17.2 C:\Users\szentivanyi.andras\AppData\Roaming\npm-cache\e06df2ce-webpack-4-17-2.lock
93 silly lockFile a2a392eb-webpack-cli-3-3-11 webpack-cli@^3.3.11
94 verbose lock webpack-cli@^3.3.11 C:\Users\szentivanyi.andras\AppData\Roaming\npm-cache\a2a392eb-webpack-cli-3-3-11.lock
95 silly lockFile 5528cd88-webpack-command-0-4-1 webpack-command@^0.4.1
96 verbose lock webpack-command@^0.4.1 C:\Users\szentivanyi.andras\AppData\Roaming\npm-cache\5528cd88-webpack-command-0-4-1.lock
97 silly lockFile f6b15ff2-webpack-dev-server-3-10-3 webpack-dev-server@^3.10.3
98 verbose lock webpack-dev-server@^3.10.3 C:\Users\szentivanyi.andras\AppData\Roaming\npm-cache\f6b15ff2-webpack-dev-server-3-10-3.lock
99 silly lockFile d7ff5893-webpack-livereload-plugin-2-3-0 webpack-livereload-plugin@^2.3.0
100 verbose lock webpack-livereload-plugin@^2.3.0 C:\Users\szentivanyi.andras\AppData\Roaming\npm-cache\d7ff5893-webpack-livereload-plugin-2-3-0.lock
101 silly lockFile e6f3f8c5-babel-polyfill-7-0-0 babel/polyfill@^7.0.0
102 verbose lock babel/polyfill@^7.0.0 C:\Users\szentivanyi.andras\AppData\Roaming\npm-cache\e6f3f8c5-babel-polyfill-7-0-0.lock
103 silly lockFile 323531ce-babel-cli-7-0-0 babel/cli@^7.0.0
104 verbose lock babel/cli@^7.0.0 C:\Users\szentivanyi.andras\AppData\Roaming\npm-cache\323531ce-babel-cli-7-0-0.lock
105 silly lockFile 9a98418a-babel-core-7-0-0 babel/core@^7.0.0
106 verbose lock babel/core@^7.0.0 C:\Users\szentivanyi.andras\AppData\Roaming\npm-cache\9a98418a-babel-core-7-0-0.lock
107 silly lockFile 81eef9db-babel-preset-env-7-0-0 babel/preset-env@^7.0.0
108 verbose lock babel/preset-env@^7.0.0 C:\Users\szentivanyi.andras\AppData\Roaming\npm-cache\81eef9db-babel-preset-env-7-0-0.lock
109 silly addNameRange { name: 'webpack-dev-server',
109 silly addNameRange   range: '>=3.10.3-0 <4.0.0-0',
109 silly addNameRange   hasData: false }
110 silly addNameRange { name: 'webpack-command',
110 silly addNameRange   range: '>=0.4.1-0 <0.5.0-0',
110 silly addNameRange   hasData: false }
111 silly addNameRange { name: 'webpack', range: '>=4.17.2-0 <5.0.0-0', hasData: false }
112 silly addNameRange { name: 'babel/preset-env',
112 silly addNameRange   range: '>=7.0.0-0 <8.0.0-0',
112 silly addNameRange   hasData: false }
113 silly addNameRange { name: 'babel/core',
113 silly addNameRange   range: '>=7.0.0-0 <8.0.0-0',
113 silly addNameRange   hasData: false }
114 silly addNameRange { name: 'babel-loader',
114 silly addNameRange   range: '>=8.0.2-0 <9.0.0-0',
114 silly addNameRange   hasData: false }
115 silly addNameRange { name: 'babel/cli',
115 silly addNameRange   range: '>=7.0.0-0 <8.0.0-0',
115 silly addNameRange   hasData: false }
116 silly addNameRange { name: 'webpack-livereload-plugin',
116 silly addNameRange   range: '>=2.3.0-0 <3.0.0-0',
116 silly addNameRange   hasData: false }
117 verbose request where is /webpack-dev-server
118 verbose request registry https://registry.npmjs.org/
119 verbose request id f8914cee112d5921
120 verbose url raw /webpack-dev-server
121 verbose url resolving [ 'https://registry.npmjs.org/', './webpack-dev-server' ]
122 verbose url resolved https://registry.npmjs.org/webpack-dev-server
123 verbose request where is https://registry.npmjs.org/webpack-dev-server
124 info trying registry request attempt 1 at 10:11:12
125 http GET https://registry.npmjs.org/webpack-dev-server
126 verbose request where is /webpack-command
127 verbose request registry https://registry.npmjs.org/
128 verbose url raw /webpack-command
129 verbose url resolving [ 'https://registry.npmjs.org/', './webpack-command' ]
130 verbose url resolved https://registry.npmjs.org/webpack-command
131 verbose request where is https://registry.npmjs.org/webpack-command
132 info trying registry request attempt 1 at 10:11:12
133 http GET https://registry.npmjs.org/webpack-command
134 verbose request where is /webpack
135 verbose request registry https://registry.npmjs.org/
136 verbose url raw /webpack
137 verbose url resolving [ 'https://registry.npmjs.org/', './webpack' ]
138 verbose url resolved https://registry.npmjs.org/webpack
139 verbose request where is https://registry.npmjs.org/webpack
140 info trying registry request attempt 1 at 10:11:12
141 http GET https://registry.npmjs.org/webpack
142 silly addNameRange { name: 'webpack-cli',
142 silly addNameRange   range: '>=3.3.11-0 <4.0.0-0',
142 silly addNameRange   hasData: false }
143 verbose request where is /babel/preset-env
144 verbose request registry https://registry.npmjs.org/
145 verbose url raw /babel/preset-env
146 verbose url resolving [ 'https://registry.npmjs.org/', './babel/preset-env' ]
147 verbose url resolved https://registry.npmjs.org/babel/preset-env
148 verbose request where is https://registry.npmjs.org/babel/preset-env
149 info trying registry request attempt 1 at 10:11:12
150 http GET https://registry.npmjs.org/babel/preset-env
151 verbose request where is /babel/core
152 verbose request registry https://registry.npmjs.org/
153 verbose url raw /babel/core
154 verbose url resolving [ 'https://registry.npmjs.org/', './babel/core' ]
155 verbose url resolved https://registry.npmjs.org/babel/core
156 verbose request where is https://registry.npmjs.org/babel/core
157 info trying registry request attempt 1 at 10:11:12
158 http GET https://registry.npmjs.org/babel/core
159 silly addNameRange { name: 'babel/polyfill',
159 silly addNameRange   range: '>=7.0.0-0 <8.0.0-0',
159 silly addNameRange   hasData: false }
160 verbose request where is /babel-loader
161 verbose request registry https://registry.npmjs.org/
162 verbose url raw /babel-loader
163 verbose url resolving [ 'https://registry.npmjs.org/', './babel-loader' ]
164 verbose url resolved https://registry.npmjs.org/babel-loader
165 verbose request where is https://registry.npmjs.org/babel-loader
166 info trying registry request attempt 1 at 10:11:12
167 http GET https://registry.npmjs.org/babel-loader
168 verbose request where is /babel/cli
169 verbose request registry https://registry.npmjs.org/
170 verbose url raw /babel/cli
171 verbose url resolving [ 'https://registry.npmjs.org/', './babel/cli' ]
172 verbose url resolved https://registry.npmjs.org/babel/cli
173 verbose request where is https://registry.npmjs.org/babel/cli
174 info trying registry request attempt 1 at 10:11:12
175 http GET https://registry.npmjs.org/babel/cli
176 verbose request where is /webpack-livereload-plugin
177 verbose request registry https://registry.npmjs.org/
178 verbose url raw /webpack-livereload-plugin
179 verbose url resolving [ 'https://registry.npmjs.org/', './webpack-livereload-plugin' ]
180 verbose url resolved https://registry.npmjs.org/webpack-livereload-plugin
181 verbose request where is https://registry.npmjs.org/webpack-livereload-plugin
182 info trying registry request attempt 1 at 10:11:12
183 http GET https://registry.npmjs.org/webpack-livereload-plugin
184 verbose request where is /webpack-cli
185 verbose request registry https://registry.npmjs.org/
186 verbose url raw /webpack-cli
187 verbose url resolving [ 'https://registry.npmjs.org/', './webpack-cli' ]
188 verbose url resolved https://registry.npmjs.org/webpack-cli
189 verbose request where is https://registry.npmjs.org/webpack-cli
190 info trying registry request attempt 1 at 10:11:12
191 http GET https://registry.npmjs.org/webpack-cli
192 verbose request where is /babel/polyfill
193 verbose request registry https://registry.npmjs.org/
194 verbose url raw /babel/polyfill
195 verbose url resolving [ 'https://registry.npmjs.org/', './babel/polyfill' ]
196 verbose url resolved https://registry.npmjs.org/babel/polyfill
197 verbose request where is https://registry.npmjs.org/babel/polyfill
198 info trying registry request attempt 1 at 10:11:12
199 http GET https://registry.npmjs.org/babel/polyfill
200 http 200 https://registry.npmjs.org/webpack-dev-server
201 silly registry.get cb [ 200,
201 silly registry.get   { date: 'Sat, 25 Apr 2020 08:11:11 GMT',
201 silly registry.get     'content-type': 'application/json',
201 silly registry.get     'transfer-encoding': 'chunked',
201 silly registry.get     connection: 'keep-alive',
201 silly registry.get     'set-cookie': [ '__cfduid=d1e1cdcc07ea6e7cfbc9b6a8189df67351587802271; expires=Mon, 25-May-20 08:11:11 GMT; path=/; domain=.npmjs.org; HttpOnly; SameSite=Lax' ],
201 silly registry.get     'cf-ray': '589697843953fcb5-VIE',
201 silly registry.get     age: '1870',
201 silly registry.get     'cache-control': 'public, max-age=300',
201 silly registry.get     etag: 'W/"bbe47db78a4dca57083f0210c255d4cb"',
201 silly registry.get     'last-modified': 'Wed, 05 Feb 2020 11:39:23 GMT',
201 silly registry.get     vary: 'accept-encoding, accept',
201 silly registry.get     'cf-cache-status': 'HIT',
201 silly registry.get     'expect-ct': 'max-age=604800, report-uri="https://report-uri.cloudflare.com/cdn-cgi/beacon/expect-ct"',
201 silly registry.get     server: 'cloudflare',
201 silly registry.get     'content-encoding': 'gzip',
201 silly registry.get     'cf-request-id': '0251fd06a10000fcb508b69200000001' } ]
202 http 200 https://registry.npmjs.org/babel-loader
203 silly registry.get cb [ 200,
203 silly registry.get   { date: 'Sat, 25 Apr 2020 08:11:11 GMT',
203 silly registry.get     'content-type': 'application/json',
203 silly registry.get     'transfer-encoding': 'chunked',
203 silly registry.get     connection: 'keep-alive',
203 silly registry.get     'set-cookie': [ '__cfduid=d1e1cdcc07ea6e7cfbc9b6a8189df67351587802271; expires=Mon, 25-May-20 08:11:11 GMT; path=/; domain=.npmjs.org; HttpOnly; SameSite=Lax' ],
203 silly registry.get     'cf-ray': '5896978469d7fcb5-VIE',
203 silly registry.get     age: '4819',
203 silly registry.get     'cache-control': 'public, max-age=300',
203 silly registry.get     etag: 'W/"3e2869f0738550234a7d57938843b7bf"',
203 silly registry.get     'last-modified': 'Fri, 20 Mar 2020 14:51:04 GMT',
203 silly registry.get     vary: 'accept-encoding, accept',
203 silly registry.get     'cf-cache-status': 'HIT',
203 silly registry.get     'expect-ct': 'max-age=604800, report-uri="https://report-uri.cloudflare.com/cdn-cgi/beacon/expect-ct"',
203 silly registry.get     server: 'cloudflare',
203 silly registry.get     'content-encoding': 'gzip',
203 silly registry.get     'cf-request-id': '0251fd06c40000fcb508b6c200000001' } ]
204 silly addNameRange number 2 { name: 'webpack-dev-server',
204 silly addNameRange   range: '>=3.10.3-0 <4.0.0-0',
204 silly addNameRange   hasData: true }
205 silly addNameRange versions [ 'webpack-dev-server',
205 silly addNameRange   [ '0.6.0',
205 silly addNameRange     '0.6.1',
205 silly addNameRange     '0.6.2',
205 silly addNameRange     '0.7.0',
205 silly addNameRange     '0.7.1',
205 silly addNameRange     '0.7.2',
205 silly addNameRange     '0.8.0',
205 silly addNameRange     '0.8.1',
205 silly addNameRange     '0.8.2',
205 silly addNameRange     '0.9.0',
205 silly addNameRange     '0.9.1',
205 silly addNameRange     '0.9.2',
205 silly addNameRange     '0.9.3',
205 silly addNameRange     '0.9.4',
205 silly addNameRange     '0.10.0',
205 silly addNameRange     '0.10.1',
205 silly addNameRange     '0.11.0',
205 silly addNameRange     '0.11.1',
205 silly addNameRange     '1.0.0',
205 silly addNameRange     '1.0.1',
205 silly addNameRange     '1.0.2',
205 silly addNameRange     '1.1.0',
205 silly addNameRange     '1.2.0',
205 silly addNameRange     '1.2.1',
205 silly addNameRange     '1.2.2',
205 silly addNameRange     '1.2.3',
205 silly addNameRange     '1.2.4',
205 silly addNameRange     '1.2.5',
205 silly addNameRange     '1.2.6',
205 silly addNameRange     '1.2.7',
205 silly addNameRange     '1.2.8',
205 silly addNameRange     '1.2.9',
205 silly addNameRange     '1.3.0',
205 silly addNameRange     '1.3.1',
205 silly addNameRange     '1.3.2',
205 silly addNameRange     '1.4.0',
205 silly addNameRange     '1.4.1',
205 silly addNameRange     '1.4.2',
205 silly addNameRange     '1.4.3',
205 silly addNameRange     '1.4.4',
205 silly addNameRange     '1.4.5',
205 silly addNameRange     '1.4.6',
205 silly addNameRange     '1.4.7',
205 silly addNameRange     '1.4.9',
205 silly addNameRange     '1.4.10',
205 silly addNameRange     '1.5.0',
205 silly addNameRange     '1.6.0',
205 silly addNameRange     '1.6.1',
205 silly addNameRange     '1.6.2',
205 silly addNameRange     '1.6.3',
205 silly addNameRange     '1.6.4',
205 silly addNameRange     '1.6.5',
205 silly addNameRange     '1.6.6',
205 silly addNameRange     '1.7.0',
205 silly addNameRange     '1.8.0',
205 silly addNameRange     '1.8.1',
205 silly addNameRange     '1.8.2',
205 silly addNameRange     '1.9.0',
205 silly addNameRange     '1.10.0',
205 silly addNameRange     '1.10.1',
205 silly addNameRange     '1.11.0',
205 silly addNameRange     '1.12.0',
205 silly addNameRange     '1.12.1',
205 silly addNameRange     '1.13.0',
205 silly addNameRange     '1.14.0',
205 silly addNameRange     '1.14.1',
205 silly addNameRange     '2.0.0-beta',
205 silly addNameRange     '2.1.0-beta.0',
205 silly addNameRange     '1.15.0',
205 silly addNameRange     '2.1.0-beta.1',
205 silly addNameRange     '2.1.0-beta.2',
205 silly addNameRange     '1.15.1',
205 silly addNameRange     '2.1.0-beta.3',
205 silly addNameRange     '2.1.0-beta.4',
205 silly addNameRange     '1.15.2',
205 silly addNameRange     '1.16.0',
205 silly addNameRange     '1.16.1',
205 silly addNameRange     '2.1.0-beta.5',
205 silly addNameRange     '2.1.0-beta.6',
205 silly addNameRange     '2.1.0-beta.7',
205 silly addNameRange     '2.1.0-beta.8',
205 silly addNameRange     '1.16.2',
205 silly addNameRange     '2.1.0-beta.9',
205 silly addNameRange     '2.1.0-beta.10',
205 silly addNameRange     '2.1.0-beta.11',
205 silly addNameRange     '2.1.0-beta.12',
205 silly addNameRange     '2.2.0-rc.0',
205 silly addNameRange     '2.2.0',
205 silly addNameRange     '2.2.1',
205 silly addNameRange     '1.16.3',
205 silly addNameRange     '2.3.0',
205 silly addNameRange     '2.4.0',
205 silly addNameRange     '2.4.1',
205 silly addNameRange     '2.4.2',
205 silly addNameRange     '2.4.3',
205 silly addNameRange     '1.16.4',
205 silly addNameRange     '2.4.4',
205 silly addNameRange     '2.4.5',
205 silly addNameRange     '1.16.5',
205 silly addNameRange     '2.5.0',
205 silly addNameRange     '2.5.1',
205 silly addNameRange     '2.6.0',
205 silly addNameRange     '2.6.1',
205 silly addNameRange     '2.7.1',
205 silly addNameRange     '2.8.0',
205 silly addNameRange     '2.8.1',
205 silly addNameRange     '2.8.2',
205 silly addNameRange     '2.9.0',
205 silly addNameRange     '2.9.1',
205 silly addNameRange     '2.9.2',
205 silly addNameRange     '2.9.3',
205 silly addNameRange     '2.9.4',
205 silly addNameRange     '2.9.5',
205 silly addNameRange     '2.9.6',
205 silly addNameRange     '2.9.7',
205 silly addNameRange     '3.0.0-alpha1',
205 silly addNameRange     '3.0.0-alpha2',
205 silly addNameRange     '3.0.0-alpha3',
205 silly addNameRange     '3.0.0-alpha4',
205 silly addNameRange     '3.0.0-alpha5',
205 silly addNameRange     '3.0.0-alpha6',
205 silly addNameRange     '2.10.0',
205 silly addNameRange     '2.10.1',
205 silly addNameRange     '2.11.0',
205 silly addNameRange     '2.11.1',
205 silly addNameRange     '3.0.0-beta.1',
205 silly addNameRange     '3.0.0-beta.2',
205 silly addNameRange     '3.0.0',
205 silly addNameRange     '2.11.2',
205 silly addNameRange     '3.0.1-beta.0',
205 silly addNameRange     '3.1.0',
205 silly addNameRange     '3.1.1',
205 silly addNameRange     '3.1.2',
205 silly addNameRange     '3.1.3',
205 silly addNameRange     '3.1.4',
205 silly addNameRange     '3.1.5',
205 silly addNameRange     '2.11.3',
205 silly addNameRange     '3.1.6',
205 silly addNameRange     '3.1.7',
205 silly addNameRange     '3.1.8',
205 silly addNameRange     '3.1.9',
205 silly addNameRange     '3.1.10',
205 silly addNameRange     '3.1.11',
205 silly addNameRange     '3.1.12',
205 silly addNameRange     '3.1.13',
205 silly addNameRange     '3.1.14',
205 silly addNameRange     '3.2.0',
205 silly addNameRange     '3.2.1',
205 silly addNameRange     '2.11.4',
205 silly addNameRange     '2.11.5',
205 silly addNameRange     '3.3.0',
205 silly addNameRange     '3.3.1',
205 silly addNameRange     '3.4.0',
205 silly addNameRange     '3.4.1',
205 silly addNameRange     '3.5.0',
205 silly addNameRange     '3.5.1',
205 silly addNameRange     '3.6.0',
205 silly addNameRange     '3.7.0',
205 silly addNameRange     '3.7.1',
205 silly addNameRange     '3.7.2',
205 silly addNameRange     '3.8.0',
205 silly addNameRange     '3.8.1',
205 silly addNameRange     '3.8.2',
205 silly addNameRange     '3.9.0',
205 silly addNameRange     '3.10.0',
205 silly addNameRange     '3.10.1',
205 silly addNameRange     '3.10.2',
205 silly addNameRange     '3.10.3' ] ]
206 verbose addNamed [ 'webpack-dev-server', '3.10.3' ]
207 verbose addNamed [ '3.10.3', '3.10.3' ]
208 silly lockFile bb6d4f3b-webpack-dev-server-3-10-3 webpack-dev-server@3.10.3
209 verbose lock webpack-dev-server@3.10.3 C:\Users\szentivanyi.andras\AppData\Roaming\npm-cache\bb6d4f3b-webpack-dev-server-3-10-3.lock
210 silly lockFile 0e65733e-er-webpack-dev-server-3-10-3-tgz https://registry.npmjs.org/webpack-dev-server/-/webpack-dev-server-3.10.3.tgz
211 verbose lock https://registry.npmjs.org/webpack-dev-server/-/webpack-dev-server-3.10.3.tgz C:\Users\szentivanyi.andras\AppData\Roaming\npm-cache\0e65733e-er-webpack-dev-server-3-10-3-tgz.lock
212 verbose addRemoteTarball [ 'https://registry.npmjs.org/webpack-dev-server/-/webpack-dev-server-3.10.3.tgz',
212 verbose addRemoteTarball   'f35945036813e57ef582c2420ef7b470e14d3af0' ]
213 silly addNameRange number 2 { name: 'babel-loader',
213 silly addNameRange   range: '>=8.0.2-0 <9.0.0-0',
213 silly addNameRange   hasData: true }
214 silly addNameRange versions [ 'babel-loader',
214 silly addNameRange   [ '4.0.0',
214 silly addNameRange     '4.1.0',
214 silly addNameRange     '4.2.0',
214 silly addNameRange     '4.3.0',
214 silly addNameRange     '5.0.0',
214 silly addNameRange     '5.1.0',
214 silly addNameRange     '5.1.2',
214 silly addNameRange     '5.1.3',
214 silly addNameRange     '5.1.4',
214 silly addNameRange     '5.2.0',
214 silly addNameRange     '5.2.1',
214 silly addNameRange     '5.2.2',
214 silly addNameRange     '5.3.0',
214 silly addNameRange     '5.3.1',
214 silly addNameRange     '5.3.2',
214 silly addNameRange     '5.3.3',
214 silly addNameRange     '6.0.0',
214 silly addNameRange     '6.0.1',
214 silly addNameRange     '6.1.0',
214 silly addNameRange     '5.4.0',
214 silly addNameRange     '6.2.0',
214 silly addNameRange     '6.2.1',
214 silly addNameRange     '6.2.2',
214 silly addNameRange     '6.2.3',
214 silly addNameRange     '6.2.4',
214 silly addNameRange     '5.4.1',
214 silly addNameRange     '5.4.2',
214 silly addNameRange     '6.2.5',
214 silly addNameRange     '6.2.6',
214 silly addNameRange     '6.2.7',
214 silly addNameRange     '6.2.8',
214 silly addNameRange     '6.2.9',
214 silly addNameRange     '6.2.10',
214 silly addNameRange     '6.3.0',
214 silly addNameRange     '6.3.1',
214 silly addNameRange     '6.3.2',
214 silly addNameRange     '7.0.0-alpha.1',
214 silly addNameRange     '6.4.0',
214 silly addNameRange     '7.0.0-alpha.2',
214 silly addNameRange     '7.0.0-alpha.3',
214 silly addNameRange     '6.4.1',
214 silly addNameRange     '7.0.0-beta.1',
214 silly addNameRange     '7.0.0',
214 silly addNameRange     '7.1.0',
214 silly addNameRange     '7.1.1',
214 silly addNameRange     '7.1.2',
214 silly addNameRange     '8.0.0-beta.0',
214 silly addNameRange     '7.1.3',
214 silly addNameRange     '8.0.0-beta.1',
214 silly addNameRange     '8.0.0-beta.2',
214 silly addNameRange     '7.1.4',
214 silly addNameRange     '8.0.0-beta.3',
214 silly addNameRange     '8.0.0-beta.4',
214 silly addNameRange     '7.1.5',
214 silly addNameRange     '8.0.0-beta.5',
214 silly addNameRange     '8.0.0-beta.6',
214 silly addNameRange     '8.0.0',
214 silly addNameRange     '8.0.1',
214 silly addNameRange     '8.0.2',
214 silly addNameRange     '8.0.3',
214 silly addNameRange     '8.0.4',
214 silly addNameRange     '8.0.5',
214 silly addNameRange     '8.0.6',
214 silly addNameRange     '8.1.0' ] ]
215 verbose addNamed [ 'babel-loader', '8.1.0' ]
216 verbose addNamed [ '8.1.0', '8.1.0' ]
217 silly lockFile 7658d8f5-babel-loader-8-1-0 babel-loader@8.1.0
218 verbose lock babel-loader@8.1.0 C:\Users\szentivanyi.andras\AppData\Roaming\npm-cache\7658d8f5-babel-loader-8-1-0.lock
219 info retry fetch attempt 1 at 10:11:12
220 verbose fetch to= C:\Users\SZENTI~1.AND\AppData\Local\Temp\npm-15484-6UG74nJN\registry.npmjs.org\webpack-dev-server\-\webpack-dev-server-3.10.3.tgz
221 silly lockFile 4e8329cc-el-loader-babel-loader-8-1-0-tgz https://registry.npmjs.org/babel-loader/-/babel-loader-8.1.0.tgz
222 verbose lock https://registry.npmjs.org/babel-loader/-/babel-loader-8.1.0.tgz C:\Users\szentivanyi.andras\AppData\Roaming\npm-cache\4e8329cc-el-loader-babel-loader-8-1-0-tgz.lock
223 http GET https://registry.npmjs.org/webpack-dev-server/-/webpack-dev-server-3.10.3.tgz
224 verbose addRemoteTarball [ 'https://registry.npmjs.org/babel-loader/-/babel-loader-8.1.0.tgz',
224 verbose addRemoteTarball   'c611d5112bd5209abe8b9fa84c3e4da25275f1c3' ]
225 info retry fetch attempt 1 at 10:11:12
226 verbose fetch to= C:\Users\SZENTI~1.AND\AppData\Local\Temp\npm-15484-6UG74nJN\registry.npmjs.org\babel-loader\-\babel-loader-8.1.0.tgz
227 http GET https://registry.npmjs.org/babel-loader/-/babel-loader-8.1.0.tgz
228 http 405 https://registry.npmjs.org/babel/core
229 silly registry.get cb [ 405,
229 silly registry.get   { date: 'Sat, 25 Apr 2020 08:11:11 GMT',
229 silly registry.get     'content-type': 'application/json',
229 silly registry.get     'content-length': '63',
229 silly registry.get     connection: 'keep-alive',
229 silly registry.get     'set-cookie': [ '__cfduid=d1e7cefa1caa5faa0c4d7f70566a803941587802271; expires=Mon, 25-May-20 08:11:11 GMT; path=/; domain=.npmjs.org; HttpOnly; SameSite=Lax' ],
229 silly registry.get     'cf-ray': '589697844f1efca9-VIE',
229 silly registry.get     allow: 'PUT',
229 silly registry.get     'cf-cache-status': 'DYNAMIC',
229 silly registry.get     'expect-ct': 'max-age=604800, report-uri="https://report-uri.cloudflare.com/cdn-cgi/beacon/expect-ct"',
229 silly registry.get     vary: 'Accept-Encoding',
229 silly registry.get     server: 'cloudflare',
229 silly registry.get     'cf-request-id': '0251fd06a80000fca93a926200000001' } ]
230 http 200 https://registry.npmjs.org/webpack-dev-server/-/webpack-dev-server-3.10.3.tgz
231 silly lockFile 9a98418a-babel-core-7-0-0 babel/core@^7.0.0
232 silly lockFile 9a98418a-babel-core-7-0-0 babel/core@^7.0.0
233 error Error: Method Not Allowed
233 error     at errorResponse (C:\Users\szentivanyi.andras\AppData\Roaming\nvm\v0.10.31\node_modules\npm\lib\cache\add-named.js:260:10)
233 error     at C:\Users\szentivanyi.andras\AppData\Roaming\nvm\v0.10.31\node_modules\npm\lib\cache\add-named.js:203:12
233 error     at saved (C:\Users\szentivanyi.andras\AppData\Roaming\nvm\v0.10.31\node_modules\npm\node_modules\npm-registry-client\lib\get.js:167:7)
233 error     at Object.oncomplete (fs.js:107:15)
234 error If you need help, you may report this *entire* log,
234 error including the npm and node versions, at:
234 error     <http://github.com/npm/npm/issues>
235 error System Windows_NT 6.2.9200
236 error command "C:\\Program Files\\nodejs\\\\node.exe" "C:\\Program Files\\nodejs\\node_modules\\npm\\bin\\npm-cli.js" "install"
237 error cwd C:\Users\szentivanyi.andras\Desktop\hearsay-frontend-test
238 error node -v v0.10.31
239 error npm -v 1.4.23
240 error code E405
241 verbose exit [ 1, true ]
